[LOG] System::create                           : Header version = 2.00.09. Current version = 2.00.09.
[LOG] Manager::init                            : maxchannels = 256 studioflags = 00000006 flags 00000000 extradriverdata 0000000000000000.
[LOG] SystemI::init                            : Initialize version=20009 (109255), maxchannels=256, flags=0x00020000
[LOG] SystemI::setOutputInternal               : Setting output to 'FMOD WASAPI Output'
[LOG] OutputWASAPI::init                       : Mix Format (WAVEFORMATEX): wFormatTag=0xFFFE, nChannels=8, nSamplesPerSec=48000, nAvgBytesPerSec=1536000, nBlockAlign=32, wBitsPerSample=32, cbSize=22.
[LOG] OutputWASAPI::init                       : Mix Format (WAVEFORMATEXTENSIBLE): wValidBitsPerSample=32, dwChannelMask=0x0000063F, SubFormat=00000003-0000-0010-8000-00AA00389B71.
[LOG] OutputWASAPI::init                       : Output buffer size: 4096 samples, latency: 0.00ms, period: 10.00ms, DSP buffer: 1024 * 4
[LOG] DownMix::init                            : dspbuffersize: 1024  rate: 48000. output speaker mode: 7, input speaker mode 3
[LOG] DownMix::init                            : done.
[LOG] Thread::initThread                       : Init FMOD stream thread. Priority: 2, Stack Size: 98304, Semaphore: No, Sleep Time: 10, Looping: Yes.
[LOG] Thread::initThread                       : Init FMOD mixer thread. Priority: 3, Stack Size: 81920, Semaphore: No, Sleep Time: 0, Looping: Yes.
[LOG] AsyncManager::init                       : manager 0000020F5C77BE88 isAsync 0 updatePeriod 0.02
[LOG] AsyncManager::init                       : done
[LOG] PlaybackSystem::init                     : 
[LOG] Thread::initThread                       : Init FMOD Studio sample load thread. Priority: 0, Stack Size: 98304, Semaphore: No, Sleep Time: 1, Looping: No.
[LOG] PlaybackSystem::init                     : done
[LOG] Thread::initThread                       : Init FMOD Studio bank load thread. Priority: 0, Stack Size: 98304, Semaphore: No, Sleep Time: 1, Looping: No.
[LOG] Manager::init                            : done.
[LOG] Manager::readBank                        : fileversion = 125, compatVersion = 119 (oldest = 44, newest = 125)
[LOG] PlaybackSystem::acquireMasterBus         : Setting master channel group format to 6
[LOG] Manager::readBank                        : fileversion = 125, compatVersion = 119 (oldest = 44, newest = 125)
[LOG] SystemI::createSoundInternal             : Create name='', mode=0x02000202
[LOG] SystemI::createSoundInternal             : exinfo->cbsize             = 224
[LOG] SystemI::createSoundInternal             : exinfo->length             = 719776
[LOG] SystemI::createSoundInternal             : exinfo->fileoffset         = 79808
[LOG] SystemI::createSoundInternal             : exinfo->numsubsounds       = 1
[LOG] SystemI::createSoundInternal             : exinfo->inclusionlist      = 000000FD0AAFF37C
[LOG] SystemI::createSoundInternal             : exinfo->inclusionlistnum   = 1
[LOG] SystemI::createSoundInternal             : exinfo->suggestedsoundtype = 5
[LOG] SystemI::createSoundInternal             : exinfo->useropen           = 00007FFAE874C330
[LOG] SystemI::createSoundInternal             : exinfo->userclose          = 00007FFAE874C300
[LOG] SystemI::createSoundInternal             : exinfo->userread           = 00007FFAE874C400
[LOG] SystemI::createSoundInternal             : exinfo->userseek           = 00007FFAE874C4C0
[LOG] SystemI::createSoundInternal             : exinfo->fileuserdata       = 0000020F377BFC68
[LOG] SystemI::createSoundInternal             : exinfo->initialseekpostype = 1
[LOG] SystemI::DSPCodecPoolRegister            : register codec pool for pool type 5
[LOG] SystemI::createSoundInternal             : Sample 0/1: name='SFX - Audio - Aal_AOE_charge', format=2, channels=2, frequency=48000, lengthbytes=46560, lengthpcm=224282, pcmblocksize=0, loopstart=0, loopend=0, mode=0x00000000, channelmask=0x00000000, channelorder=0, peakvolume=0.831153.
[LOG] SoundI::release                          :  (0000020F38CDB188)
[LOG] SoundI::release                          :     SFX - Audio - Aal_AOE_charge (0000020F3A2817B8)
[LOG] Manager::readBank                        : fileversion = 125, compatVersion = 119 (oldest = 44, newest = 125)
[LOG] PlaybackSystem::acquireMasterBus         : Setting master channel group format to 6
[LOG] Manager::readBank                        : fileversion = 125, compatVersion = 119 (oldest = 44, newest = 125)
[LOG] SystemI::createSoundInternal             : Create name='', mode=0x02000202
[LOG] SystemI::createSoundInternal             : exinfo->cbsize             = 224
[LOG] SystemI::createSoundInternal             : exinfo->length             = 719776
[LOG] SystemI::createSoundInternal             : exinfo->fileoffset         = 79808
[LOG] SystemI::createSoundInternal             : exinfo->numsubsounds       = 1
[LOG] SystemI::createSoundInternal             : exinfo->inclusionlist      = 000000FD0AAFF37C
[LOG] SystemI::createSoundInternal             : exinfo->inclusionlistnum   = 1
[LOG] SystemI::createSoundInternal             : exinfo->suggestedsoundtype = 5
[LOG] SystemI::createSoundInternal             : exinfo->useropen           = 00007FFAE874C330
[LOG] SystemI::createSoundInternal             : exinfo->userclose          = 00007FFAE874C300
[LOG] SystemI::createSoundInternal             : exinfo->userread           = 00007FFAE874C400
[LOG] SystemI::createSoundInternal             : exinfo->userseek           = 00007FFAE874C4C0
[LOG] SystemI::createSoundInternal             : exinfo->fileuserdata       = 0000020F377C06B8
[LOG] SystemI::createSoundInternal             : exinfo->initialseekpostype = 1
[LOG] SystemI::DSPCodecPoolRegister            : register codec pool for pool type 5
[LOG] SystemI::createSoundInternal             : Sample 0/1: name='SFX - Audio - Aal_dash_attack', format=2, channels=2, frequency=48000, lengthbytes=6368, lengthpcm=62423, pcmblocksize=0, loopstart=0, loopend=0, mode=0x00000000, channelmask=0x00000000, channelorder=0, peakvolume=0.362924.
[LOG] SoundI::release                          :  (0000020F38CDB018)
[LOG] SoundI::release                          :     SFX - Audio - Aal_dash_attack (0000020F3A2805D8)
[LOG] Manager::readBank                        : fileversion = 125, compatVersion = 119 (oldest = 44, newest = 125)
[LOG] PlaybackSystem::acquireMasterBus         : Setting master channel group format to 6
[LOG] Manager::readBank                        : fileversion = 125, compatVersion = 119 (oldest = 44, newest = 125)
[LOG] SystemI::createSoundInternal             : Create name='', mode=0x02000202
[LOG] SystemI::createSoundInternal             : exinfo->cbsize             = 224
[LOG] SystemI::createSoundInternal             : exinfo->length             = 719776
[LOG] SystemI::createSoundInternal             : exinfo->fileoffset         = 79808
[LOG] SystemI::createSoundInternal             : exinfo->numsubsounds       = 1
[LOG] SystemI::createSoundInternal             : exinfo->inclusionlist      = 000000FD0AAFF37C
[LOG] SystemI::createSoundInternal             : exinfo->inclusionlistnum   = 1
[LOG] SystemI::createSoundInternal             : exinfo->suggestedsoundtype = 5
[LOG] SystemI::createSoundInternal             : exinfo->useropen           = 00007FFAE874C330
[LOG] SystemI::createSoundInternal             : exinfo->userclose          = 00007FFAE874C300
[LOG] SystemI::createSoundInternal             : exinfo->userread           = 00007FFAE874C400
[LOG] SystemI::createSoundInternal             : exinfo->userseek           = 00007FFAE874C4C0
[LOG] SystemI::createSoundInternal             : exinfo->fileuserdata       = 0000020F377C04A8
[LOG] SystemI::createSoundInternal             : exinfo->initialseekpostype = 1
[LOG] SystemI::DSPCodecPoolRegister            : register codec pool for pool type 5
[LOG] SystemI::createSoundInternal             : Sample 0/1: name='SFX - Audio - Aal_death', format=2, channels=2, frequency=48000, lengthbytes=11264, lengthpcm=139996, pcmblocksize=0, loopstart=0, loopend=0, mode=0x00000000, channelmask=0x00000000, channelorder=0, peakvolume=0.323442.
[LOG] SoundI::release                          :  (0000020F38CDB188)
[LOG] SoundI::release                          :     SFX - Audio - Aal_death (0000020F3A2817B8)
[LOG] Manager::readBank                        : fileversion = 125, compatVersion = 119 (oldest = 44, newest = 125)
[LOG] PlaybackSystem::acquireMasterBus         : Setting master channel group format to 6
[LOG] Manager::readBank                        : fileversion = 125, compatVersion = 119 (oldest = 44, newest = 125)
[LOG] SystemI::createSoundInternal             : Create name='', mode=0x02000202
[LOG] SystemI::createSoundInternal             : exinfo->cbsize             = 224
[LOG] SystemI::createSoundInternal             : exinfo->length             = 719776
[LOG] SystemI::createSoundInternal             : exinfo->fileoffset         = 79808
[LOG] SystemI::createSoundInternal             : exinfo->numsubsounds       = 1
[LOG] SystemI::createSoundInternal             : exinfo->inclusionlist      = 000000FD0AAFF37C
[LOG] SystemI::createSoundInternal             : exinfo->inclusionlistnum   = 1
[LOG] SystemI::createSoundInternal             : exinfo->suggestedsoundtype = 5
[LOG] SystemI::createSoundInternal             : exinfo->useropen           = 00007FFAE874C330
[LOG] SystemI::createSoundInternal             : exinfo->userclose          = 00007FFAE874C300
[LOG] SystemI::createSoundInternal             : exinfo->userread           = 00007FFAE874C400
[LOG] SystemI::createSoundInternal             : exinfo->userseek           = 00007FFAE874C4C0
[LOG] SystemI::createSoundInternal             : exinfo->fileuserdata       = 0000020F377C04A8
[LOG] SystemI::createSoundInternal             : exinfo->initialseekpostype = 1
[LOG] SystemI::DSPCodecPoolRegister            : register codec pool for pool type 5
[LOG] SystemI::createSoundInternal             : Sample 0/1: name='SFX - Audio - Aal_stunned', format=2, channels=2, frequency=48000, lengthbytes=7584, lengthpcm=139996, pcmblocksize=0, loopstart=0, loopend=0, mode=0x00000000, channelmask=0x00000000, channelorder=0, peakvolume=0.255985.
[LOG] SoundI::release                          :  (0000020F38CDAEA8)
[LOG] SoundI::release                          :     SFX - Audio - Aal_stunned (0000020F3A2817B8)
[LOG] Manager::readBank                        : fileversion = 125, compatVersion = 119 (oldest = 44, newest = 125)
[LOG] PlaybackSystem::acquireMasterBus         : Setting master channel group format to 6
[LOG] Manager::readBank                        : fileversion = 125, compatVersion = 119 (oldest = 44, newest = 125)
[LOG] SystemI::createSoundInternal             : Create name='', mode=0x02000202
[LOG] SystemI::createSoundInternal             : exinfo->cbsize             = 224
[LOG] SystemI::createSoundInternal             : exinfo->length             = 719776
[LOG] SystemI::createSoundInternal             : exinfo->fileoffset         = 79808
[LOG] SystemI::createSoundInternal             : exinfo->numsubsounds       = 1
[LOG] SystemI::createSoundInternal             : exinfo->inclusionlist      = 000000FD0AAFF37C
[LOG] SystemI::createSoundInternal             : exinfo->inclusionlistnum   = 1
[LOG] SystemI::createSoundInternal             : exinfo->suggestedsoundtype = 5
[LOG] SystemI::createSoundInternal             : exinfo->useropen           = 00007FFAE874C330
[LOG] SystemI::createSoundInternal             : exinfo->userclose          = 00007FFAE874C300
[LOG] SystemI::createSoundInternal             : exinfo->userread           = 00007FFAE874C400
[LOG] SystemI::createSoundInternal             : exinfo->userseek           = 00007FFAE874C4C0
[LOG] SystemI::createSoundInternal             : exinfo->fileuserdata       = 0000020F377BFE78
[LOG] SystemI::createSoundInternal             : exinfo->initialseekpostype = 1
[LOG] SystemI::DSPCodecPoolRegister            : register codec pool for pool type 5
[LOG] SystemI::createSoundInternal             : Sample 0/1: name='SFX - Audio - Aal_swimcycle_3', format=2, channels=2, frequency=48000, lengthbytes=2528, lengthpcm=62423, pcmblocksize=0, loopstart=0, loopend=0, mode=0x00000000, channelmask=0x00000000, channelorder=0, peakvolume=0.058753.
[LOG] SystemI::createSoundInternal             : Create name='', mode=0x02000202
[LOG] SystemI::createSoundInternal             : exinfo->cbsize             = 224
[LOG] SystemI::createSoundInternal             : exinfo->length             = 719776
[LOG] SystemI::createSoundInternal             : exinfo->fileoffset         = 79808
[LOG] SystemI::createSoundInternal             : exinfo->numsubsounds       = 1
[LOG] SystemI::createSoundInternal             : exinfo->inclusionlist      = 000000FD0AAFF37C
[LOG] SystemI::createSoundInternal             : exinfo->inclusionlistnum   = 1
[LOG] SystemI::createSoundInternal             : exinfo->suggestedsoundtype = 5
[LOG] SystemI::createSoundInternal             : exinfo->useropen           = 00007FFAE874C330
[LOG] SystemI::createSoundInternal             : exinfo->userclose          = 00007FFAE874C300
[LOG] SystemI::createSoundInternal             : exinfo->userread           = 00007FFAE874C400
[LOG] SystemI::createSoundInternal             : exinfo->userseek           = 00007FFAE874C4C0
[LOG] SystemI::createSoundInternal             : exinfo->fileuserdata       = 0000020F377BFE78
[LOG] SystemI::createSoundInternal             : exinfo->initialseekpostype = 1
[LOG] SystemI::DSPCodecPoolRegister            : register codec pool for pool type 5
[LOG] SystemI::createSoundInternal             : Sample 0/1: name='SFX - Audio - Aal_idle_1', format=2, channels=2, frequency=48000, lengthbytes=10400, lengthpcm=139996, pcmblocksize=0, loopstart=0, loopend=0, mode=0x00000000, channelmask=0x00000000, channelorder=0, peakvolume=0.038185.
[LOG] SystemI::createSoundInternal             : Create name='', mode=0x02000202
[LOG] SystemI::createSoundInternal             : exinfo->cbsize             = 224
[LOG] SystemI::createSoundInternal             : exinfo->length             = 719776
[LOG] SystemI::createSoundInternal             : exinfo->fileoffset         = 79808
[LOG] SystemI::createSoundInternal             : exinfo->numsubsounds       = 1
[LOG] SystemI::createSoundInternal             : exinfo->inclusionlist      = 000000FD0AAFF37C
[LOG] SystemI::createSoundInternal             : exinfo->inclusionlistnum   = 1
[LOG] SystemI::createSoundInternal             : exinfo->suggestedsoundtype = 5
[LOG] SystemI::createSoundInternal             : exinfo->useropen           = 00007FFAE874C330
[LOG] SystemI::createSoundInternal             : exinfo->userclose          = 00007FFAE874C300
[LOG] SystemI::createSoundInternal             : exinfo->userread           = 00007FFAE874C400
[LOG] SystemI::createSoundInternal             : exinfo->userseek           = 00007FFAE874C4C0
[LOG] SystemI::createSoundInternal             : exinfo->fileuserdata       = 0000020F377BFE78
[LOG] SystemI::createSoundInternal             : exinfo->initialseekpostype = 1
[LOG] SystemI::DSPCodecPoolRegister            : register codec pool for pool type 5
[LOG] SystemI::createSoundInternal             : Sample 0/1: name='SFX - Audio - Aal_idle_3', format=2, channels=2, frequency=48000, lengthbytes=2752, lengthpcm=62423, pcmblocksize=0, loopstart=0, loopend=0, mode=0x00000000, channelmask=0x00000000, channelorder=0, peakvolume=0.035816.
[LOG] SystemI::createSoundInternal             : Create name='', mode=0x02000202
[LOG] SystemI::createSoundInternal             : exinfo->cbsize             = 224
[LOG] SystemI::createSoundInternal             : exinfo->length             = 719776
[LOG] SystemI::createSoundInternal             : exinfo->fileoffset         = 79808
[LOG] SystemI::createSoundInternal             : exinfo->numsubsounds       = 1
[LOG] SystemI::createSoundInternal             : exinfo->inclusionlist      = 000000FD0AAFF37C
[LOG] SystemI::createSoundInternal             : exinfo->inclusionlistnum   = 1
[LOG] SystemI::createSoundInternal             : exinfo->suggestedsoundtype = 5
[LOG] SystemI::createSoundInternal             : exinfo->useropen           = 00007FFAE874C330
[LOG] SystemI::createSoundInternal             : exinfo->userclose          = 00007FFAE874C300
[LOG] SystemI::createSoundInternal             : exinfo->userread           = 00007FFAE874C400
[LOG] SystemI::createSoundInternal             : exinfo->userseek           = 00007FFAE874C4C0
[LOG] SystemI::createSoundInternal             : exinfo->fileuserdata       = 0000020F377BFE78
[LOG] SystemI::createSoundInternal             : exinfo->initialseekpostype = 1
[LOG] SystemI::DSPCodecPoolRegister            : register codec pool for pool type 5
[LOG] SystemI::createSoundInternal             : Sample 0/1: name='SFX - Audio - Aal_swimcycle_1', format=2, channels=2, frequency=48000, lengthbytes=2240, lengthpcm=62423, pcmblocksize=0, loopstart=0, loopend=0, mode=0x00000000, channelmask=0x00000000, channelorder=0, peakvolume=0.061064.
[LOG] SystemI::createSoundInternal             : Create name='', mode=0x02000202
[LOG] SystemI::createSoundInternal             : exinfo->cbsize             = 224
[LOG] SystemI::createSoundInternal             : exinfo->length             = 719776
[LOG] SystemI::createSoundInternal             : exinfo->fileoffset         = 79808
[LOG] SystemI::createSoundInternal             : exinfo->numsubsounds       = 1
[LOG] SystemI::createSoundInternal             : exinfo->inclusionlist      = 000000FD0AAFF37C
[LOG] SystemI::createSoundInternal             : exinfo->inclusionlistnum   = 1
[LOG] SystemI::createSoundInternal             : exinfo->suggestedsoundtype = 5
[LOG] SystemI::createSoundInternal             : exinfo->useropen           = 00007FFAE874C330
[LOG] SystemI::createSoundInternal             : exinfo->userclose          = 00007FFAE874C300
[LOG] SystemI::createSoundInternal             : exinfo->userread           = 00007FFAE874C400
[LOG] SystemI::createSoundInternal             : exinfo->userseek           = 00007FFAE874C4C0
[LOG] SystemI::createSoundInternal             : exinfo->fileuserdata       = 0000020F377BFE78
[LOG] SystemI::createSoundInternal             : exinfo->initialseekpostype = 1
[LOG] SystemI::DSPCodecPoolRegister            : register codec pool for pool type 5
[LOG] SystemI::createSoundInternal             : Sample 0/1: name='SFX - Audio - Aal_swimcycle_2', format=2, channels=2, frequency=48000, lengthbytes=2368, lengthpcm=62423, pcmblocksize=0, loopstart=0, loopend=0, mode=0x00000000, channelmask=0x00000000, channelorder=0, peakvolume=0.064964.
[LOG] SystemI::createSoundInternal             : Create name='', mode=0x02000202
[LOG] SystemI::createSoundInternal             : exinfo->cbsize             = 224
[LOG] SystemI::createSoundInternal             : exinfo->length             = 719776
[LOG] SystemI::createSoundInternal             : exinfo->fileoffset         = 79808
[LOG] SystemI::createSoundInternal             : exinfo->numsubsounds       = 1
[LOG] SystemI::createSoundInternal             : exinfo->inclusionlist      = 000000FD0AAFF37C
[LOG] SystemI::createSoundInternal             : exinfo->inclusionlistnum   = 1
[LOG] SystemI::createSoundInternal             : exinfo->suggestedsoundtype = 5
[LOG] SystemI::createSoundInternal             : exinfo->useropen           = 00007FFAE874C330
[LOG] SystemI::createSoundInternal             : exinfo->userclose          = 00007FFAE874C300
[LOG] SystemI::createSoundInternal             : exinfo->userread           = 00007FFAE874C400
[LOG] SystemI::createSoundInternal             : exinfo->userseek           = 00007FFAE874C4C0
[LOG] SystemI::createSoundInternal             : exinfo->fileuserdata       = 0000020F377BFE78
[LOG] SystemI::createSoundInternal             : exinfo->initialseekpostype = 1
[LOG] SystemI::DSPCodecPoolRegister            : register codec pool for pool type 5
[LOG] SystemI::createSoundInternal             : Sample 0/1: name='SFX - Audio - Aal_idle_2', format=2, channels=2, frequency=48000, lengthbytes=3424, lengthpcm=62423, pcmblocksize=0, loopstart=0, loopend=0, mode=0x00000000, channelmask=0x00000000, channelorder=0, peakvolume=0.035637.
[LOG] SoundI::release                          :  (0000020F38CDAEA8)
[LOG] SoundI::release                          :     SFX - Audio - Aal_idle_1 (0000020F3A2805D8)
[LOG] SoundI::release                          :  (0000020F38CDA8E8)
[LOG] SoundI::release                          :     SFX - Audio - Aal_idle_2 (0000020F3A281958)
[LOG] SoundI::release                          :  (0000020F38CDB2F8)
[LOG] SoundI::release                          :     SFX - Audio - Aal_idle_3 (0000020F3A280AB8)
[LOG] SoundI::release                          :  (0000020F38CDB188)
[LOG] SoundI::release                          :     SFX - Audio - Aal_swimcycle_1 (0000020F3A280C58)
[LOG] SoundI::release                          :  (0000020F38CDAA58)
[LOG] SoundI::release                          :     SFX - Audio - Aal_swimcycle_2 (0000020F3A280918)
[LOG] SoundI::release                          :  (0000020F38CDB018)
[LOG] SoundI::release                          :     SFX - Audio - Aal_swimcycle_3 (0000020F3A2817B8)
[LOG] Manager::readBank                        : fileversion = 125, compatVersion = 119 (oldest = 44, newest = 125)
[LOG] PlaybackSystem::acquireMasterBus         : Setting master channel group format to 6
[LOG] Manager::readBank                        : fileversion = 125, compatVersion = 119 (oldest = 44, newest = 125)
[LOG] SystemI::createSoundInternal             : Create name='', mode=0x02000202
[LOG] SystemI::createSoundInternal             : exinfo->cbsize             = 224
[LOG] SystemI::createSoundInternal             : exinfo->length             = 719776
[LOG] SystemI::createSoundInternal             : exinfo->fileoffset         = 79808
[LOG] SystemI::createSoundInternal             : exinfo->numsubsounds       = 1
[LOG] SystemI::createSoundInternal             : exinfo->inclusionlist      = 000000FD0AAFF37C
[LOG] SystemI::createSoundInternal             : exinfo->inclusionlistnum   = 1
[LOG] SystemI::createSoundInternal             : exinfo->suggestedsoundtype = 5
[LOG] SystemI::createSoundInternal             : exinfo->useropen           = 00007FFAE874C330
[LOG] SystemI::createSoundInternal             : exinfo->userclose          = 00007FFAE874C300
[LOG] SystemI::createSoundInternal             : exinfo->userread           = 00007FFAE874C400
[LOG] SystemI::createSoundInternal             : exinfo->userseek           = 00007FFAE874C4C0
[LOG] SystemI::createSoundInternal             : exinfo->fileuserdata       = 0000020F377C08C8
[LOG] SystemI::createSoundInternal             : exinfo->initialseekpostype = 1
[LOG] SystemI::DSPCodecPoolRegister            : register codec pool for pool type 5
[LOG] SystemI::createSoundInternal             : Sample 0/1: name='SFX - Audio - Aal_tail_whip', format=2, channels=2, frequency=48000, lengthbytes=17088, lengthpcm=139996, pcmblocksize=0, loopstart=0, loopend=0, mode=0x00000000, channelmask=0x00000000, channelorder=0, peakvolume=0.427947.
[LOG] SoundI::release                          :  (0000020F38CDAEA8)
[LOG] SoundI::release                          :     SFX - Audio - Aal_tail_whip (0000020F3A2805D8)
[LOG] Thread::callback                         : FMOD Studio bank load thread finished.
[LOG] Thread::callback                         : FMOD Studio sample load thread finished.
[LOG] LiveUpdate::release                      : 
[LOG] LiveUpdate::reset                        : Reset connection (reason Disconnected)
[LOG] Thread::callback                         : FMOD stream thread finished.
[LOG] Thread::callback                         : FMOD mixer thread finished.
[LOG] SystemI::close                           : Closed.
